<?xml version="1.0" encoding="UTF-8"?>
<!-- Generated by org.testng.reporters.JUnitReportReporter -->
<testsuite hostname="PHO281" failures="0" tests="1" name="CucumberOptions.FailedTestRunner" time="8.382" errors="0" timestamp="2024-04-17T20:57:22 IST" skipped="0">
  <testcase classname="CucumberOptions.FailedTestRunner" name="runScenario" time="8.382"/>
</testsuite> <!-- CucumberOptions.FailedTestRunner -->
